<?xml version="1.0" encoding="UTF-8"?>
<!-- Generated by org.testng.reporters.JUnitXMLReporter -->
<testsuite ignored="0" hostname="LAPTOP-R6HH0JS3" failures="0" tests="3" name="Default test" time="3.178" errors="0" timestamp="2024-06-17T17:54:46 IST">
  <testcase classname="test.Dynamicjson" name="addbook" time="2.83"/>
  <testcase classname="test.Dynamicjson" name="addbook" time="0.131"/>
  <testcase classname="test.Dynamicjson" name="addbook" time="0.143"/>
</testsuite> <!-- Default test -->
