<?xml version="1.0" encoding="UTF-8"?>
<testng-results ignored="0" total="3" passed="3" failed="0" skipped="0">
  <reporter-output>
  </reporter-output>
  <suite started-at="2024-06-17T17:54:42 IST" name="Default suite" finished-at="2024-06-17T17:54:46 IST" duration-ms="3178">
    <groups>
    </groups>
    <test started-at="2024-06-17T17:54:42 IST" name="Default test" finished-at="2024-06-17T17:54:46 IST" duration-ms="3178">
      <class name="test.Dynamicjson">
        <test-method signature="addbook(java.lang.String,java.lang.String)[pri:0, instance:test.Dynamicjson@15bbf42f]" started-at="2024-06-17T17:54:42 IST" name="addbook" data-provider="BooksData" finished-at="2024-06-17T17:54:45 IST" duration-ms="2830" status="PASS">
          <params>
            <param index="0">
              <value>
                <![CDATA[america]]>
              </value>
            </param>
            <param index="1">
              <value>
                <![CDATA[728]]>
              </value>
            </param>
          </params>
          <reporter-output>
          </reporter-output>
        </test-method> <!-- addbook -->
        <test-method signature="addbook(java.lang.String,java.lang.String)[pri:0, instance:test.Dynamicjson@15bbf42f]" started-at="2024-06-17T17:54:45 IST" name="addbook" data-provider="BooksData" finished-at="2024-06-17T17:54:45 IST" duration-ms="131" status="PASS">
          <params>
            <param index="0">
              <value>
                <![CDATA[london]]>
              </value>
            </param>
            <param index="1">
              <value>
                <![CDATA[234]]>
              </value>
            </param>
          </params>
          <reporter-output>
          </reporter-output>
        </test-method> <!-- addbook -->
        <test-method signature="addbook(java.lang.String,java.lang.String)[pri:0, instance:test.Dynamicjson@15bbf42f]" started-at="2024-06-17T17:54:45 IST" name="addbook" data-provider="BooksData" finished-at="2024-06-17T17:54:46 IST" duration-ms="143" status="PASS">
          <params>
            <param index="0">
              <value>
                <![CDATA[mumbai]]>
              </value>
            </param>
            <param index="1">
              <value>
                <![CDATA[890]]>
              </value>
            </param>
          </params>
          <reporter-output>
          </reporter-output>
        </test-method> <!-- addbook -->
      </class> <!-- test.Dynamicjson -->
    </test> <!-- Default test -->
  </suite> <!-- Default suite -->
</testng-results>
